00:10:08.478 INFO [main] org.lenskit.cli.Main: Starting LensKit 3.0-M1 on Java 1.8.0_131 from Oracle Corporation
00:10:08.522 DEBUG [main] org.lenskit.LenskitInfo: have 5573 active revisions
00:10:08.535 DEBUG [main] org.lenskit.cli.Main: Built from Git revision c0210fa3281ef8b15b0959bcd5fced43c5fec38a
00:10:08.535 DEBUG [main] org.lenskit.cli.Main: Using VM 'OpenJDK 64-Bit Server VM' version 25.131-b11 from Oracle Corporation
00:10:08.535 INFO [main] org.lenskit.cli.Main: Have 4 processors and heap limit of 852 MiB
00:10:08.553 INFO [main] org.lenskit.cli.util.RecommenderLoader: creating fresh recommender
00:10:08.927 INFO [main] org.lenskit.config.ConfigurationLoader: loading script from file:/home/mahendra/Desktop/abcd/nonpers-assignment/etc/simple-assoc.groovy
00:10:09.554 DEBUG [main] org.lenskit.data.dao.file.TextEntitySource: loading source ratings with base URI file:/home/mahendra/Desktop/abcd/nonpers-assignment/data/movielens.yml
00:10:09.554 DEBUG [main] org.lenskit.data.dao.file.TextEntitySource: resolved file URI: file:/home/mahendra/Desktop/abcd/nonpers-assignment/data/ratings.csv
00:10:09.567 INFO [main] org.lenskit.data.dao.file.TextEntitySource: loading text file source ratings to read from file:/home/mahendra/Desktop/abcd/nonpers-assignment/data/ratings.csv
00:10:09.573 DEBUG [main] org.lenskit.data.dao.file.TextEntitySource: ratings: using delimiter ,
00:10:09.573 DEBUG [main] org.lenskit.data.dao.file.TextEntitySource: ratings: reading header
00:10:09.574 DEBUG [main] org.lenskit.data.dao.file.TextEntitySource: ratings: reading entities of type EntityType[rating]
00:10:09.624 DEBUG [main] org.lenskit.data.dao.file.TextEntitySource: class org.lenskit.data.ratings.RatingBuilder: using entity builder {}
00:10:09.624 DEBUG [main] org.lenskit.data.dao.file.TextEntitySource: loading source movies with base URI file:/home/mahendra/Desktop/abcd/nonpers-assignment/data/movielens.yml
00:10:09.624 DEBUG [main] org.lenskit.data.dao.file.TextEntitySource: resolved file URI: file:/home/mahendra/Desktop/abcd/nonpers-assignment/data/movies.csv
00:10:09.624 INFO [main] org.lenskit.data.dao.file.TextEntitySource: loading text file source movies to read from file:/home/mahendra/Desktop/abcd/nonpers-assignment/data/movies.csv
00:10:09.625 DEBUG [main] org.lenskit.data.dao.file.TextEntitySource: movies: using delimiter ,
00:10:09.625 DEBUG [main] org.lenskit.data.dao.file.TextEntitySource: movies: reading header
00:10:09.625 DEBUG [main] org.lenskit.data.dao.file.TextEntitySource: movies: reading entities of type EntityType[item]
00:10:09.625 DEBUG [main] org.lenskit.data.dao.file.TextEntitySource: class org.lenskit.data.entities.BasicEntityBuilder: using entity builder {}
00:10:09.625 DEBUG [main] org.lenskit.data.dao.file.TextEntitySource: loading source tags with base URI file:/home/mahendra/Desktop/abcd/nonpers-assignment/data/movielens.yml
00:10:09.625 DEBUG [main] org.lenskit.data.dao.file.TextEntitySource: resolved file URI: file:/home/mahendra/Desktop/abcd/nonpers-assignment/data/tags.csv
00:10:09.625 INFO [main] org.lenskit.data.dao.file.TextEntitySource: loading text file source tags to read from file:/home/mahendra/Desktop/abcd/nonpers-assignment/data/tags.csv
00:10:09.626 DEBUG [main] org.lenskit.data.dao.file.TextEntitySource: tags: using delimiter ,
00:10:09.626 DEBUG [main] org.lenskit.data.dao.file.TextEntitySource: tags: reading header
00:10:09.626 DEBUG [main] org.lenskit.data.dao.file.TextEntitySource: tags: reading entities of type EntityType[item-tag]
00:10:09.626 DEBUG [main] org.lenskit.data.dao.file.TextEntitySource: class org.lenskit.data.entities.BasicEntityBuilder: using entity builder {}
00:10:09.629 DEBUG [main] org.lenskit.LenskitRecommenderEngineBuilder: building graph from 3 configurations
00:10:09.722 DEBUG [main] org.lenskit.inject.RecommenderInstantiator: replacing nodes in graph with 9 nodes
00:10:09.727 DEBUG [main] org.lenskit.inject.RecommenderInstantiator: found 5 shared nodes
00:10:11.632 INFO [main] org.lenskit.data.dao.file.StaticDataSource: deriving entity type EntityType[user] from EntityType[rating] (column TypedName[user: long])
00:10:11.754 INFO [main] org.lenskit.data.dao.file.StaticDataSource: deriving entity type EntityType[item] from EntityType[rating] (column TypedName[item: long])
00:10:11.845 DEBUG [main] org.lenskit.data.entities.EntityCollectionBuilder: built collection of 2500 entities with type EntityType[item] and 2 indexes
00:10:11.884 DEBUG [main] org.lenskit.data.entities.EntityCollectionBuilder: built collection of 264505 entities with type EntityType[rating] and 2 indexes
00:10:11.899 DEBUG [main] org.lenskit.data.entities.EntityCollectionBuilder: built collection of 94875 entities with type EntityType[item-tag] and 2 indexes
00:10:11.900 DEBUG [main] org.lenskit.data.entities.EntityCollectionBuilder: built collection of 862 entities with type EntityType[user] and 2 indexes
00:10:36.803 DEBUG [main] org.lenskit.mooc.nonpers.assoc.AssociationModel: transforming input map for 2500 items into log data
00:10:37.504 DEBUG [main] org.lenskit.inject.RecommenderInstantiator: final graph has 9 nodes
00:10:37.506 INFO [main] org.lenskit.cli.util.RecommenderLoader: built recommender in 27.88 s
00:10:37.511 INFO [main] org.lenskit.cli.commands.GlobalRecommend: using 1 reference items: [260]
00:10:37.632 INFO [main] org.lenskit.cli.commands.GlobalRecommend: recommended in 121.1 ms
00:10:37.633 INFO [main] org.lenskit.cli.Main: If you use LensKit in published research, please see http://lenskit.org/research/
